  parallaxMapping.cpp
c:\users\harry\onedrive\documents\year 3\advanced shader programming\p16153678 advanced shader programming\advancedlighting\parallaxmapping\parallaxmapping1\parallaxmapping.cpp(368): warning C4305: '-=': truncation from 'double' to 'float'
c:\users\harry\onedrive\documents\year 3\advanced shader programming\p16153678 advanced shader programming\advancedlighting\parallaxmapping\parallaxmapping1\parallaxmapping.cpp(374): warning C4305: '+=': truncation from 'double' to 'float'
c:\users\harry\onedrive\documents\year 3\advanced shader programming\p16153678 advanced shader programming\advancedlighting\parallaxmapping\parallaxmapping1\parallaxmapping.cpp(495): warning C4244: '=': conversion from 'double' to 'GLfloat', possible loss of data
c:\users\harry\onedrive\documents\year 3\advanced shader programming\p16153678 advanced shader programming\advancedlighting\parallaxmapping\parallaxmapping1\parallaxmapping.cpp(496): warning C4244: '=': conversion from 'double' to 'GLfloat', possible loss of data
c:\users\harry\onedrive\documents\year 3\advanced shader programming\p16153678 advanced shader programming\advancedlighting\parallaxmapping\parallaxmapping1\parallaxmapping.cpp(500): warning C4244: 'initializing': conversion from 'double' to 'GLfloat', possible loss of data
c:\users\harry\onedrive\documents\year 3\advanced shader programming\p16153678 advanced shader programming\advancedlighting\parallaxmapping\parallaxmapping1\parallaxmapping.cpp(501): warning C4244: 'initializing': conversion from 'double' to 'GLfloat', possible loss of data
c:\users\harry\onedrive\documents\year 3\advanced shader programming\p16153678 advanced shader programming\advancedlighting\parallaxmapping\parallaxmapping1\parallaxmapping.cpp(503): warning C4244: '=': conversion from 'double' to 'GLfloat', possible loss of data
c:\users\harry\onedrive\documents\year 3\advanced shader programming\p16153678 advanced shader programming\advancedlighting\parallaxmapping\parallaxmapping1\parallaxmapping.cpp(504): warning C4244: '=': conversion from 'double' to 'GLfloat', possible loss of data
c:\users\harry\onedrive\documents\year 3\advanced shader programming\p16153678 advanced shader programming\advancedlighting\parallaxmapping\parallaxmapping1\parallaxmapping.cpp(511): warning C4244: 'argument': conversion from 'double' to 'GLfloat', possible loss of data
c:\users\harry\onedrive\documents\year 3\advanced shader programming\p16153678 advanced shader programming\advancedlighting\parallaxmapping\parallaxmapping1\parallaxmapping.cpp(686): warning C4715: 'loadModels': not all control paths return a value
  SOIL.lib(SOIL.obj) : MSIL .netmodule or module compiled with /GL found; restarting link with /LTCG; add /LTCG to the link command line to improve linker performance
LINK : warning LNK4075: ignoring '/INCREMENTAL' due to '/LTCG' specification
LINK : warning LNK4098: defaultlib 'LIBCMT' conflicts with use of other libs; use /NODEFAULTLIB:library
LINK : warning LNK4098: defaultlib 'MSVCRT' conflicts with use of other libs; use /NODEFAULTLIB:library
  Generating code
  Finished generating code
SOIL.lib(SOIL.obj) : warning LNK4099: PDB 'vc110.pdb' was not found with 'SOIL.lib(SOIL.obj)' or at 'C:\Users\harry\OneDrive\Documents\Year 3\Advanced Shader Programming\P16153678 Advanced Shader Programming\advancedLighting\parallaxMapping\parallaxMapping1\Debug\vc110.pdb'; linking object as if no debug info
SOIL.lib(stb_image_aug.obj) : warning LNK4099: PDB 'vc110.pdb' was not found with 'SOIL.lib(stb_image_aug.obj)' or at 'C:\Users\harry\OneDrive\Documents\Year 3\Advanced Shader Programming\P16153678 Advanced Shader Programming\advancedLighting\parallaxMapping\parallaxMapping1\Debug\vc110.pdb'; linking object as if no debug info
SOIL.lib(image_helper.obj) : warning LNK4099: PDB 'vc110.pdb' was not found with 'SOIL.lib(image_helper.obj)' or at 'C:\Users\harry\OneDrive\Documents\Year 3\Advanced Shader Programming\P16153678 Advanced Shader Programming\advancedLighting\parallaxMapping\parallaxMapping1\Debug\vc110.pdb'; linking object as if no debug info
SOIL.lib(image_DXT.obj) : warning LNK4099: PDB 'vc110.pdb' was not found with 'SOIL.lib(image_DXT.obj)' or at 'C:\Users\harry\OneDrive\Documents\Year 3\Advanced Shader Programming\P16153678 Advanced Shader Programming\advancedLighting\parallaxMapping\parallaxMapping1\Debug\vc110.pdb'; linking object as if no debug info
glew32s.lib(glew.obj) : warning LNK4099: PDB 'vc110.pdb' was not found with 'glew32s.lib(glew.obj)' or at 'C:\Users\harry\OneDrive\Documents\Year 3\Advanced Shader Programming\P16153678 Advanced Shader Programming\advancedLighting\parallaxMapping\parallaxMapping1\Debug\vc110.pdb'; linking object as if no debug info
  Parallax Map.vcxproj -> C:\Users\harry\OneDrive\Documents\Year 3\Advanced Shader Programming\P16153678 Advanced Shader Programming\advancedLighting\parallaxMapping\parallaxMapping1\Debug\Parallax Map.exe
